2025-09-15 14:12:17,281 INFO s.s.S.SPDFApplication [main] Additional features in jar
2025-09-15 14:12:17,901 INFO s.s.c.c.ConfigInitializer [main] Settings file updated based on template changes.
2025-09-15 14:12:17,902 INFO s.s.S.SPDFApplication [main] Settings file: ./configs/settings.yml
2025-09-15 14:12:17,905 INFO s.s.S.SPDFApplication [main] Custom settings file: ./configs/custom_settings.yml
2025-09-15 14:12:18,377 INFO s.s.S.SPDFApplication [main] Starting SPDFApplication v1.2.0 using Java 21.0.8 with PID 37 (/app-security.jar started by stirlingpdfuser in /)
2025-09-15 14:12:18,379 INFO s.s.S.SPDFApplication [main] The following 1 profile is active: "security"
2025-09-15 14:12:21,208 INFO s.s.p.s.c.DatabaseConfig [main] Using default H2 database
2025-09-15 14:12:24,442 INFO s.s.S.c.EndpointConfiguration [main] Disabled functional groups: enterprise
2025-09-15 14:12:24,442 INFO s.s.S.c.EndpointConfiguration [main] Total disabled endpoints: 1. Disabled endpoints: url-to-pdf
2025-09-15 14:12:24,830 INFO s.s.c.c.TempFileConfiguration [main] Created temporary directory: /tmp/stirling-pdf/stirling-pdf
2025-09-15 14:12:25,070 INFO s.s.c.u.FileMonitor [main] Monitoring directory: ./pipeline/watchedFolders
2025-09-15 14:12:25,394 INFO s.s.c.s.TempFileCleanupService [main] Created LibreOffice temp directory: /tmp/stirling-pdf/stirling-pdf/libreoffice
2025-09-15 14:12:25,394 INFO s.s.c.s.TempFileCleanupService [main] Running in Docker mode, using aggressive cleanup strategy
2025-09-15 14:12:25,397 INFO s.s.c.s.TempFileCleanupService [main] Startup cleanup complete. Deleted 0 temporary files/directories
2025-09-15 14:12:26,591 INFO s.s.c.s.JobQueue [main] Starting JobQueue lifecycle
2025-09-15 14:12:26,623 INFO s.s.S.SPDFApplication [main] Started SPDFApplication in 8.716 seconds (process running for 10.271)
2025-09-15 14:12:26,626 WARN s.s.c.u.FileMonitor [scheduling-1] not monitoring any directory, even the root directory itself: ./pipeline/watchedFolders
2025-09-15 14:12:26,629 INFO s.s.c.u.FileMonitor [scheduling-1] Registered directory: ./pipeline/watchedFolders
2025-09-15 14:12:26,629 INFO s.s.S.SPDFApplication [main] Stirling-PDF Started.
2025-09-15 14:12:26,630 INFO s.s.S.SPDFApplication [main] Navigate to http://localhost:8080/
2025-09-15 14:12:26,633 INFO s.s.c.s.TempFileCleanupService [scheduling-1] Running scheduled temporary file cleanup
2025-09-15 14:12:26,634 INFO s.s.c.u.TempFileManager [scheduling-1] Cleaned up 0 old temporary files
2025-09-15 14:12:26,634 INFO s.s.c.s.TempFileCleanupService [scheduling-1] Cleaned up 0 registered temporary files
2025-09-15 14:43:38,313 INFO s.s.S.SPDFApplication [main] Additional features in jar
2025-09-15 14:43:38,772 INFO s.s.c.c.ConfigInitializer [main] Settings file updated based on template changes.
2025-09-15 14:43:38,775 INFO s.s.S.SPDFApplication [main] Settings file: ./configs/settings.yml
2025-09-15 14:43:38,776 INFO s.s.S.SPDFApplication [main] Custom settings file: ./configs/custom_settings.yml
2025-09-15 14:43:39,210 INFO s.s.S.SPDFApplication [main] Starting SPDFApplication v1.2.0 using Java 21.0.8 with PID 24 (/app-security.jar started by stirlingpdfuser in /)
2025-09-15 14:43:39,211 INFO s.s.S.SPDFApplication [main] The following 1 profile is active: "security"
2025-09-15 14:43:42,837 INFO s.s.p.s.c.DatabaseConfig [main] Using default H2 database
2025-09-15 14:43:47,105 INFO s.s.S.c.EndpointConfiguration [main] Disabled functional groups: enterprise
2025-09-15 14:43:47,105 INFO s.s.S.c.EndpointConfiguration [main] Total disabled endpoints: 1. Disabled endpoints: url-to-pdf
2025-09-15 14:43:47,842 INFO s.s.c.u.FileMonitor [main] Monitoring directory: ./pipeline/watchedFolders
2025-09-15 14:43:48,344 INFO s.s.c.s.TempFileCleanupService [main] Running in Docker mode, using aggressive cleanup strategy
2025-09-15 14:43:48,348 INFO s.s.c.s.TempFileCleanupService [main] Startup cleanup complete. Deleted 0 temporary files/directories
2025-09-15 14:43:49,868 INFO s.s.c.s.JobQueue [main] Starting JobQueue lifecycle
2025-09-15 14:43:49,920 INFO s.s.S.SPDFApplication [main] Started SPDFApplication in 11.143 seconds (process running for 12.658)
2025-09-15 14:43:49,924 WARN s.s.c.u.FileMonitor [scheduling-1] not monitoring any directory, even the root directory itself: ./pipeline/watchedFolders
2025-09-15 14:43:49,927 INFO s.s.c.u.FileMonitor [scheduling-1] Registered directory: ./pipeline/watchedFolders
2025-09-15 14:43:49,928 INFO s.s.S.SPDFApplication [main] Stirling-PDF Started.
2025-09-15 14:43:49,928 INFO s.s.S.SPDFApplication [main] Navigate to http://localhost:8080/
2025-09-15 14:43:49,933 INFO s.s.c.s.TempFileCleanupService [scheduling-1] Running scheduled temporary file cleanup
2025-09-15 14:43:49,933 INFO s.s.c.u.TempFileManager [scheduling-1] Cleaned up 0 old temporary files
2025-09-15 14:43:49,933 INFO s.s.c.s.TempFileCleanupService [scheduling-1] Cleaned up 0 registered temporary files
2025-09-15 14:45:21,069 INFO s.s.S.SPDFApplication [main] Additional features in jar
2025-09-15 14:45:21,350 INFO s.s.c.c.ConfigInitializer [main] Settings file updated based on template changes.
2025-09-15 14:45:21,352 INFO s.s.S.SPDFApplication [main] Settings file: ./configs/settings.yml
2025-09-15 14:45:21,354 INFO s.s.S.SPDFApplication [main] Custom settings file: ./configs/custom_settings.yml
2025-09-15 14:45:21,782 INFO s.s.S.SPDFApplication [main] Starting SPDFApplication v1.2.0 using Java 21.0.8 with PID 24 (/app-security.jar started by stirlingpdfuser in /)
2025-09-15 14:45:21,784 INFO s.s.S.SPDFApplication [main] The following 1 profile is active: "security"
2025-09-15 14:45:24,851 INFO s.s.p.s.c.DatabaseConfig [main] Using default H2 database
2025-09-15 14:45:28,377 INFO s.s.S.c.EndpointConfiguration [main] Disabled functional groups: enterprise
2025-09-15 14:45:28,377 INFO s.s.S.c.EndpointConfiguration [main] Total disabled endpoints: 1. Disabled endpoints: url-to-pdf
2025-09-15 14:45:29,186 INFO s.s.c.u.FileMonitor [main] Monitoring directory: ./pipeline/watchedFolders
2025-09-15 14:45:29,713 INFO s.s.c.s.TempFileCleanupService [main] Running in Docker mode, using aggressive cleanup strategy
2025-09-15 14:45:29,718 INFO s.s.c.s.TempFileCleanupService [main] Startup cleanup complete. Deleted 0 temporary files/directories
2025-09-15 14:45:31,268 INFO s.s.c.s.JobQueue [main] Starting JobQueue lifecycle
2025-09-15 14:45:31,296 INFO s.s.S.SPDFApplication [main] Started SPDFApplication in 9.939 seconds (process running for 10.922)
2025-09-15 14:45:31,301 WARN s.s.c.u.FileMonitor [scheduling-1] not monitoring any directory, even the root directory itself: ./pipeline/watchedFolders
2025-09-15 14:45:31,302 INFO s.s.c.u.FileMonitor [scheduling-1] Registered directory: ./pipeline/watchedFolders
2025-09-15 14:45:31,303 INFO s.s.S.SPDFApplication [main] Stirling-PDF Started.
2025-09-15 14:45:31,305 INFO s.s.S.SPDFApplication [main] Navigate to http://localhost:8080/
2025-09-15 14:45:31,320 INFO s.s.c.s.TempFileCleanupService [scheduling-1] Running scheduled temporary file cleanup
2025-09-15 14:45:31,321 INFO s.s.c.u.TempFileManager [scheduling-1] Cleaned up 0 old temporary files
2025-09-15 14:45:31,321 INFO s.s.c.s.TempFileCleanupService [scheduling-1] Cleaned up 0 registered temporary files
2025-09-15 15:15:31,324 INFO s.s.c.s.TempFileCleanupService [scheduling-1] Running scheduled temporary file cleanup
2025-09-15 15:15:31,327 INFO s.s.c.u.TempFileManager [scheduling-1] Cleaned up 0 old temporary files
2025-09-15 15:15:31,328 INFO s.s.c.s.TempFileCleanupService [scheduling-1] Cleaned up 0 registered temporary files
